SF:lib/data/repositories/home_repo.dart
DA:17,0
DA:21,0
DA:23,0
DA:25,0
DA:27,0
DA:31,0
DA:34,0
DA:38,0
DA:41,0
DA:43,0
DA:45,0
DA:50,0
DA:52,0
DA:53,0
DA:55,0
DA:58,0
DA:62,0
DA:64,0
DA:65,0
DA:67,0
DA:73,0
DA:76,0
DA:77,0
DA:80,0
DA:82,0
DA:83,0
DA:85,0
DA:91,0
DA:94,0
DA:95,0
LF:30
LH:0
end_of_record
SF:lib/core/resources/l10n_generated/l10n.dart
DA:16,21
DA:20,0
DA:22,0
DA:30,21
DA:31,21
DA:32,0
DA:33,21
DA:34,21
DA:35,63
DA:36,21
DA:37,21
DA:44,0
DA:45,0
DA:47,0
DA:53,0
DA:54,0
DA:58,0
DA:59,0
DA:63,0
DA:68,0
DA:69,0
DA:73,0
DA:78,0
DA:79,0
DA:83,0
DA:88,0
DA:89,0
DA:93,0
DA:98,0
DA:99,0
DA:103,0
DA:108,0
DA:109,0
DA:113,0
DA:118,0
DA:119,0
DA:123,0
DA:128,0
DA:129,0
DA:133,0
DA:138,0
DA:139,0
DA:143,0
DA:148,0
DA:149,0
DA:153,0
DA:158,0
DA:159,0
DA:163,0
DA:168,0
DA:169,0
DA:173,0
DA:178,0
DA:179,0
DA:183,0
DA:188,0
DA:189,0
DA:193,0
DA:194,0
DA:198,0
DA:203,0
DA:204,0
DA:208,0
DA:213,0
DA:214,0
DA:218,0
DA:219,0
DA:223,0
DA:228,0
DA:229,0
DA:233,0
DA:238,0
DA:239,0
DA:243,0
DA:248,0
DA:249,0
DA:253,0
DA:258,0
DA:259,0
DA:263,0
DA:268,0
DA:269,0
DA:273,0
DA:278,0
DA:279,0
DA:283,0
DA:288,0
DA:289,0
DA:293,0
DA:298,0
DA:299,0
DA:303,0
DA:308,0
DA:309,0
DA:313,0
DA:314,0
DA:318,0
DA:323,0
DA:324,0
DA:328,0
DA:333,0
DA:334,0
DA:338,0
DA:343,0
DA:344,0
DA:348,0
DA:349,0
DA:353,0
DA:358,0
DA:359,0
DA:363,0
DA:368,0
DA:369,0
DA:373,0
DA:378,0
DA:379,0
DA:383,0
DA:388,0
DA:389,0
DA:393,0
DA:398,0
DA:399,0
DA:403,0
DA:408,0
DA:409,0
DA:413,0
DA:418,0
DA:419,0
DA:423,0
DA:428,0
DA:429,0
DA:433,0
DA:438,0
DA:439,0
DA:443,0
DA:448,0
DA:449,0
DA:453,0
DA:458,0
DA:459,0
DA:463,0
DA:468,0
DA:469,0
DA:473,0
DA:478,0
DA:479,0
DA:483,0
DA:488,0
DA:489,0
DA:493,0
DA:498,0
DA:499,0
DA:503,0
DA:508,0
DA:509,0
DA:513,0
DA:518,0
DA:519,0
DA:523,0
DA:528,0
DA:529,0
DA:533,0
DA:538,0
DA:539,0
DA:543,0
DA:548,0
DA:549,0
DA:553,0
DA:558,0
DA:559,0
DA:563,0
DA:568,0
DA:569,0
DA:573,0
DA:574,0
DA:578,0
DA:583,0
DA:584,0
DA:588,0
DA:593,0
DA:594,0
DA:598,0
DA:603,0
DA:604,0
DA:608,0
DA:613,0
DA:614,0
DA:618,0
DA:619,0
DA:623,0
DA:624,0
DA:628,0
DA:629,0
DA:633,0
DA:638,0
DA:639,0
DA:643,0
DA:648,0
DA:649,0
DA:653,0
DA:654,0
DA:658,0
DA:663,0
DA:664,0
DA:668,0
DA:673,0
DA:674,0
DA:678,0
DA:683,0
DA:684,0
DA:688,0
DA:693,0
DA:694,0
DA:698,0
DA:703,0
DA:704,0
DA:708,0
DA:713,0
DA:714,0
DA:718,0
DA:723,0
DA:724,0
DA:728,0
DA:733,0
DA:734,0
DA:738,0
DA:743,0
DA:744,0
DA:748,0
DA:753,0
DA:754,0
DA:758,0
DA:763,0
DA:764,0
DA:768,0
DA:773,0
DA:774,0
DA:778,0
DA:783,0
DA:784,0
DA:788,0
DA:793,0
DA:794,0
DA:798,0
DA:803,0
DA:804,0
DA:808,0
DA:813,0
DA:814,0
DA:818,0
DA:823,0
DA:824,0
DA:828,0
DA:833,0
DA:834,0
DA:838,0
DA:843,0
DA:844,0
DA:848,0
DA:853,0
DA:854,0
DA:858,0
DA:863,0
DA:864,0
DA:868,0
DA:873,0
DA:874,0
DA:878,0
DA:883,0
DA:884,0
DA:888,0
DA:893,0
DA:894,0
DA:898,0
DA:903,0
DA:904,0
DA:908,0
DA:913,0
DA:914,0
DA:918,0
DA:923,0
DA:924,0
DA:928,0
DA:933,0
DA:934,0
DA:938,0
DA:939,0
DA:943,0
DA:948,0
DA:949,0
DA:953,0
DA:958,0
DA:959,0
DA:963,0
DA:968,0
DA:969,0
DA:973,0
DA:978,0
DA:979,0
DA:983,0
DA:988,0
DA:989,0
DA:993,0
DA:998,0
DA:999,0
DA:1003,0
DA:1008,0
DA:1009,0
DA:1013,0
DA:1018,0
DA:1019,0
DA:1023,0
DA:1028,0
DA:1029,0
DA:1033,0
DA:1038,0
DA:1039,0
DA:1043,0
DA:1048,0
DA:1049,0
DA:1053,0
DA:1058,0
DA:1059,0
DA:1063,0
DA:1068,0
DA:1069,0
DA:1073,0
DA:1078,0
DA:1079,0
DA:1083,0
DA:1088,0
DA:1089,0
DA:1093,0
DA:1098,0
DA:1099,0
DA:1103,0
DA:1108,0
DA:1109,0
DA:1113,0
DA:1114,0
DA:1118,0
DA:1123,0
DA:1124,0
DA:1128,0
DA:1133,0
DA:1134,0
DA:1138,0
DA:1143,0
DA:1144,0
DA:1148,0
DA:1153,0
DA:1154,0
DA:1158,0
DA:1163,0
DA:1164,0
DA:1168,0
DA:1169,0
DA:1173,0
DA:1178,0
DA:1179,0
DA:1183,0
DA:1188,0
DA:1189,0
DA:1193,0
DA:1198,0
DA:1199,0
DA:1203,0
DA:1208,0
DA:1209,0
DA:1213,0
DA:1218,0
DA:1219,0
DA:1223,0
DA:1228,0
DA:1229,0
DA:1233,0
DA:1238,0
DA:1239,0
DA:1243,0
DA:1248,0
DA:1249,0
DA:1253,0
DA:1258,0
DA:1259,0
DA:1263,0
DA:1264,0
DA:1268,0
DA:1273,0
DA:1274,0
DA:1278,0
DA:1283,0
DA:1284,0
DA:1288,0
DA:1293,0
DA:1294,0
DA:1298,0
DA:1303,0
DA:1304,0
DA:1308,0
DA:1313,0
DA:1314,0
DA:1318,0
DA:1323,0
DA:1324,0
DA:1328,0
DA:1333,0
DA:1334,0
DA:1338,0
DA:1343,0
DA:1344,0
DA:1348,0
DA:1353,0
DA:1354,0
DA:1358,0
DA:1359,0
DA:1363,0
DA:1368,0
DA:1369,0
DA:1373,0
DA:1378,0
DA:1379,0
DA:1383,0
DA:1388,0
DA:1389,0
DA:1393,0
DA:1398,0
DA:1399,0
DA:1403,0
DA:1404,0
DA:1408,0
DA:1413,0
DA:1414,0
DA:1418,0
DA:1423,0
DA:1424,0
DA:1428,0
DA:1433,0
DA:1434,0
DA:1438,0
DA:1443,0
DA:1444,0
DA:1448,0
DA:1449,0
DA:1453,0
DA:1458,0
DA:1459,0
DA:1463,0
DA:1468,0
DA:1469,0
DA:1473,0
DA:1474,0
DA:1478,0
DA:1483,0
DA:1484,0
DA:1488,0
DA:1493,0
DA:1494,0
DA:1498,0
DA:1499,0
DA:1500,0
DA:1503,0
DA:1508,0
DA:1509,0
DA:1513,0
DA:1518,0
DA:1519,0
DA:1523,0
DA:1528,0
DA:1529,0
DA:1533,0
DA:1538,0
DA:1539,0
DA:1543,0
DA:1544,0
DA:1548,0
DA:1553,0
DA:1554,0
DA:1558,0
DA:1563,0
DA:1564,0
DA:1568,0
DA:1573,0
DA:1574,0
DA:1578,0
DA:1583,0
DA:1584,0
DA:1589,1
DA:1591,0
DA:1595,0
DA:1596,0
DA:1597,21
DA:1598,21
DA:1599,0
DA:1602,0
DA:1603,0
DA:1604,0
LF:496
LH:11
end_of_record
SF:lib/presentations/pages/home/states/home_bloc.dart
DA:7,1
DA:10,1
DA:11,2
DA:16,1
DA:20,1
DA:21,2
DA:26,1
DA:27,1
DA:28,1
DA:29,1
DA:30,1
DA:31,1
DA:34,1
DA:35,2
DA:40,0
DA:41,0
DA:43,0
DA:49,1
DA:52,1
DA:53,2
DA:58,2
DA:59,1
DA:60,2
DA:66,1
DA:67,2
DA:69,1
DA:75,1
DA:78,1
DA:79,2
DA:84,2
DA:85,1
DA:86,2
DA:92,1
DA:93,2
DA:95,1
DA:101,1
DA:104,1
DA:105,2
DA:110,2
DA:111,1
DA:112,2
DA:118,1
DA:119,2
DA:121,1
DA:127,1
DA:130,1
DA:131,2
DA:136,2
DA:137,1
DA:138,2
DA:144,1
DA:145,2
DA:147,1
LF:53
LH:50
end_of_record
SF:lib/presentations/pages/home/states/home_event.dart
DA:4,2
DA:6,1
DA:7,1
DA:11,1
DA:17,1
DA:18,2
LF:6
LH:6
end_of_record
SF:lib/presentations/pages/home/states/home_state.dart
DA:10,2
DA:25,2
DA:34,2
DA:35,0
DA:36,2
DA:37,2
DA:38,2
DA:39,2
DA:40,2
DA:44,2
DA:45,2
DA:46,2
DA:47,2
DA:48,2
DA:49,2
DA:50,2
DA:51,2
LF:17
LH:16
end_of_record
SF:lib/core/resources/l10n_generated/intl/messages_all.dart
DA:22,63
DA:23,42
DA:26,21
DA:28,21
DA:29,21
DA:36,21
DA:37,21
DA:39,63
DA:40,0
DA:43,0
DA:45,42
DA:46,21
DA:47,63
DA:48,42
DA:49,21
DA:52,21
DA:54,21
DA:60,21
DA:61,21
DA:64,0
DA:67,21
LF:21
LH:18
end_of_record
SF:lib/core/resources/l10n_generated/intl/messages_en.dart
DA:16,63
DA:21,0
DA:23,0
DA:26,42
DA:27,21
DA:28,21
DA:29,21
DA:32,21
DA:35,21
DA:36,21
DA:37,21
DA:40,21
DA:43,21
DA:46,21
DA:47,21
DA:48,21
DA:51,21
DA:52,21
DA:53,21
DA:54,21
DA:58,21
DA:59,21
DA:60,21
DA:61,21
DA:62,21
DA:65,21
DA:68,21
DA:69,21
DA:72,21
DA:75,21
DA:76,21
DA:77,21
DA:78,21
DA:79,21
DA:80,21
DA:83,21
DA:86,21
DA:87,21
DA:90,21
DA:91,21
DA:92,21
DA:95,21
DA:96,21
DA:97,21
DA:100,21
DA:101,21
DA:102,21
DA:105,21
DA:108,21
DA:111,21
DA:112,21
DA:115,21
DA:116,21
DA:119,21
DA:122,21
DA:125,21
DA:128,21
DA:131,21
DA:134,21
DA:137,21
DA:140,21
DA:143,21
DA:146,21
DA:149,21
DA:152,21
DA:155,21
DA:158,21
DA:161,21
DA:162,21
DA:165,21
DA:166,21
DA:169,21
DA:172,21
DA:175,21
DA:179,21
DA:180,21
DA:183,21
DA:186,21
DA:189,21
DA:192,21
DA:195,21
DA:198,21
DA:201,21
DA:204,21
DA:207,21
DA:208,21
DA:209,21
DA:212,21
DA:213,21
DA:214,21
DA:217,21
DA:218,21
DA:221,21
DA:224,21
DA:225,21
DA:228,21
DA:231,21
DA:232,21
DA:235,21
DA:238,21
DA:239,21
DA:242,21
DA:245,21
DA:246,21
DA:249,21
DA:250,21
DA:253,21
DA:256,21
DA:259,21
DA:260,21
DA:261,21
DA:264,21
DA:265,21
DA:266,21
DA:267,21
DA:270,21
DA:273,21
DA:276,21
DA:279,21
DA:282,21
DA:283,21
DA:286,21
DA:287,21
DA:290,21
DA:291,21
DA:292,21
DA:295,21
DA:296,21
DA:299,21
DA:302,21
DA:305,21
DA:308,21
DA:311,21
DA:312,21
DA:315,21
DA:318,21
DA:321,21
DA:322,21
DA:325,21
DA:328,21
DA:329,21
DA:330,21
DA:331,21
DA:334,21
DA:337,21
DA:338,21
DA:339,21
DA:340,21
DA:341,21
DA:342,21
DA:343,21
DA:346,21
DA:349,21
DA:350,21
DA:351,21
DA:354,21
DA:357,21
DA:360,21
DA:363,21
DA:366,21
DA:369,21
DA:372,21
DA:375,21
DA:378,21
DA:381,21
DA:384,21
LF:166
LH:164
end_of_record
SF:lib/core/api/api_client.dart
DA:8,0
DA:10,0
DA:14,0
DA:21,0
DA:25,0
DA:26,0
DA:27,0
DA:33,0
DA:37,0
DA:41,0
DA:47,0
DA:53,0
DA:59,0
LF:13
LH:0
end_of_record
SF:lib/core/api/failure.dart
DA:7,1
DA:13,0
DA:14,0
DA:15,0
DA:16,0
DA:18,0
DA:19,0
DA:20,0
DA:24,0
DA:25,0
DA:29,0
DA:30,0
DA:34,0
DA:35,0
DA:36,0
DA:39,0
DA:40,0
DA:41,0
DA:44,0
DA:45,0
DA:49,0
DA:50,0
DA:54,0
DA:55,0
DA:56,0
DA:60,0
DA:64,0
DA:65,0
LF:28
LH:1
end_of_record
SF:lib/core/env/env.dart
DA:10,0
DA:13,0
DA:16,0
LF:3
LH:0
end_of_record
SF:lib/core/constant/constants.dart
DA:15,0
DA:16,0
LF:2
LH:0
end_of_record
SF:lib/data/models/category_model.dart
DA:9,0
DA:17,0
DA:18,0
DA:20,0
DA:22,0
DA:23,0
DA:24,0
DA:25,0
DA:31,0
DA:32,0
DA:33,0
DA:34,0
DA:35,0
LF:13
LH:0
end_of_record
SF:lib/data/models/product_model.dart
DA:11,0
DA:18,0
DA:19,0
DA:20,0
DA:21,0
DA:22,0
DA:27,0
DA:28,0
DA:29,0
DA:30,0
DA:31,0
DA:56,5
DA:78,0
DA:79,0
DA:80,0
DA:81,0
DA:82,0
DA:83,0
DA:84,0
DA:85,0
DA:86,0
DA:87,0
DA:88,0
DA:89,0
DA:90,0
DA:91,0
DA:92,0
DA:93,0
DA:94,0
DA:95,0
DA:96,0
DA:97,0
DA:98,0
DA:99,0
DA:104,0
DA:105,0
DA:106,0
DA:107,0
DA:108,0
DA:109,0
DA:110,0
DA:111,0
DA:112,0
DA:113,0
DA:114,0
DA:115,0
DA:116,0
DA:117,0
DA:118,0
DA:119,0
DA:120,0
DA:121,0
DA:122,0
DA:123,0
DA:127,0
DA:147,0
DA:148,0
DA:149,0
DA:150,0
DA:151,0
DA:152,0
DA:153,0
DA:154,0
DA:155,0
DA:156,0
DA:157,0
DA:158,0
DA:159,0
DA:160,0
DA:161,0
DA:162,0
DA:163,0
DA:164,0
DA:165,0
LF:74
LH:1
end_of_record
SF:lib/data/models/store_model.dart
DA:17,2
DA:32,0
DA:33,0
DA:35,0
DA:36,0
DA:37,0
DA:38,0
DA:39,0
DA:40,0
DA:41,0
DA:42,0
DA:43,0
DA:44,0
DA:45,0
DA:46,0
DA:48,0
DA:52,0
DA:53,0
DA:54,0
DA:55,0
DA:56,0
DA:57,0
DA:58,0
DA:59,0
DA:60,0
DA:61,0
DA:62,0
DA:63,0
DA:64,0
DA:65,0
DA:66,0
LF:31
LH:1
end_of_record
SF:lib/data/repositories/auth_repo.dart
DA:25,0
DA:27,0
DA:32,0
DA:36,0
DA:37,0
DA:38,0
DA:43,0
DA:49,0
DA:50,0
DA:51,0
DA:53,0
DA:56,0
DA:59,0
DA:60,0
DA:61,0
DA:69,0
DA:71,0
DA:72,0
DA:75,0
DA:77,0
DA:78,0
DA:79,0
DA:82,0
DA:84,0
LF:24
LH:0
end_of_record
SF:lib/presentations/pages/auth/sign_in/states/sign_in_bloc.dart
DA:9,2
DA:10,2
DA:11,2
DA:14,1
DA:18,1
DA:19,2
DA:20,1
DA:21,1
DA:22,1
DA:27,1
DA:31,1
DA:32,2
DA:37,2
DA:38,2
DA:39,2
DA:41,1
DA:42,2
DA:43,1
DA:44,1
DA:45,0
DA:46,1
DA:47,1
DA:51,1
DA:52,2
DA:53,1
DA:54,1
LF:26
LH:25
end_of_record
SF:lib/presentations/pages/auth/sign_in/states/sign_in_event.dart
DA:4,2
DA:6,0
DA:7,0
DA:11,2
DA:20,1
DA:21,1
DA:22,1
DA:23,1
DA:24,1
DA:29,2
DA:31,1
DA:32,1
LF:12
LH:10
end_of_record
SF:lib/presentations/pages/auth/sign_up/states/sign_up_bloc.dart
DA:9,2
DA:10,2
DA:11,2
DA:14,1
DA:18,1
DA:19,2
DA:20,1
DA:21,1
DA:22,1
DA:23,1
DA:24,1
DA:29,1
DA:33,1
DA:34,2
DA:39,2
DA:40,2
DA:41,2
DA:42,2
DA:44,1
DA:45,2
DA:46,1
DA:47,1
DA:48,0
DA:49,1
DA:53,3
DA:54,1
DA:55,1
LF:27
LH:26
end_of_record
SF:lib/presentations/pages/auth/sign_up/states/sign_up_event.dart
DA:4,2
DA:6,0
DA:7,0
DA:11,2
DA:25,1
DA:26,1
DA:27,1
DA:28,1
DA:29,1
DA:30,1
DA:31,1
DA:36,2
DA:38,1
DA:39,1
LF:14
LH:12
end_of_record
SF:lib/presentations/pages/auth/sign_in/states/sign_in_state.dart
DA:7,2
DA:23,2
DA:31,2
DA:32,2
DA:33,2
DA:34,2
DA:35,2
DA:36,2
DA:37,2
DA:41,2
DA:42,2
DA:43,2
DA:44,2
DA:45,2
DA:46,2
DA:47,2
DA:48,2
LF:17
LH:17
end_of_record
SF:lib/presentations/pages/auth/sign_up/states/sign_up_state.dart
DA:7,3
DA:25,2
DA:34,2
DA:35,2
DA:36,2
DA:37,2
DA:38,2
DA:39,2
DA:40,2
DA:41,2
DA:45,2
DA:46,2
DA:47,2
DA:48,2
DA:49,2
DA:50,2
DA:51,2
DA:52,2
DA:53,2
LF:19
LH:19
end_of_record
SF:lib/data/models/user_model.dart
DA:8,2
LF:1
LH:1
end_of_record
SF:lib/presentations/pages/profile/states/profile_state.dart
DA:8,2
DA:18,2
DA:23,2
DA:24,2
DA:25,0
DA:26,2
DA:30,2
DA:31,2
DA:32,2
DA:33,2
DA:34,2
LF:11
LH:10
end_of_record
SF:lib/presentations/pages/profile/states/profile_event.dart
DA:4,1
DA:6,1
DA:7,1
DA:11,1
LF:4
LH:4
end_of_record
SF:lib/presentations/pages/profile/states/profile_bloc.dart
DA:8,1
DA:10,1
DA:11,2
DA:16,1
DA:20,1
DA:21,2
DA:26,2
DA:27,1
DA:28,2
DA:29,1
DA:30,1
DA:32,3
DA:37,1
DA:38,2
DA:40,1
LF:15
LH:15
end_of_record
SF:lib/presentations/pages/product_detail/states/product_detail_state.dart
DA:8,2
DA:24,2
DA:33,2
DA:34,1
DA:35,2
DA:36,2
DA:37,2
DA:38,2
DA:39,2
DA:43,2
DA:44,2
DA:45,2
DA:46,2
DA:47,2
DA:48,2
DA:49,2
DA:50,2
LF:17
LH:17
end_of_record
SF:lib/data/repositories/product_repo.dart
DA:13,0
DA:17,0
DA:19,0
DA:20,0
DA:22,0
DA:24,0
DA:27,0
DA:30,0
DA:35,0
DA:37,0
DA:38,0
DA:40,0
DA:42,0
DA:45,0
DA:48,0
LF:15
LH:0
end_of_record
SF:lib/presentations/pages/product_detail/states/product_detail_event.dart
DA:5,2
DA:7,1
DA:8,1
DA:12,1
DA:18,1
DA:19,2
DA:23,1
DA:29,1
DA:30,2
DA:34,1
DA:36,1
DA:37,1
DA:41,1
DA:47,1
DA:48,1
DA:52,1
DA:60,1
DA:61,1
DA:62,1
DA:63,1
DA:68,2
DA:74,1
DA:75,2
LF:23
LH:23
end_of_record
SF:lib/presentations/pages/product_detail/states/product_detail_bloc.dart
DA:9,1
DA:12,1
DA:13,2
DA:14,2
DA:15,2
DA:16,2
DA:17,2
DA:18,2
DA:23,1
DA:27,1
DA:28,2
DA:34,2
DA:35,1
DA:37,1
DA:38,2
DA:44,3
DA:46,1
DA:50,1
DA:54,1
DA:55,2
DA:61,4
DA:62,0
DA:63,0
DA:69,1
DA:70,2
DA:72,1
DA:78,1
DA:82,1
DA:83,2
DA:89,1
DA:90,0
DA:91,0
DA:92,0
DA:99,1
DA:100,2
DA:102,1
DA:108,1
DA:112,1
DA:113,2
DA:119,1
DA:120,2
DA:121,1
DA:126,0
DA:127,0
DA:129,0
DA:135,1
DA:139,1
DA:140,2
DA:141,1
DA:142,1
DA:147,1
DA:151,1
DA:152,2
DA:158,1
DA:159,0
DA:160,0
DA:161,0
DA:162,0
DA:163,0
DA:165,0
DA:167,0
DA:169,0
DA:170,0
DA:171,0
DA:176,1
DA:177,2
DA:179,1
LF:67
LH:49
end_of_record
SF:lib/core/utils/permission_helper.dart
DA:6,1
DA:7,1
DA:10,0
DA:11,0
DA:12,0
DA:13,0
DA:15,0
DA:16,0
DA:20,0
DA:21,0
DA:22,0
DA:23,0
LF:12
LH:2
end_of_record
SF:lib/data/repositories/browse_repo.dart
DA:12,0
DA:16,0
DA:18,0
DA:20,0
DA:22,0
DA:26,0
DA:29,0
LF:7
LH:0
end_of_record
SF:lib/presentations/pages/browse/states/browse_bloc.dart
DA:8,1
DA:11,1
DA:12,2
DA:13,2
DA:14,2
DA:19,1
DA:23,1
DA:24,2
DA:29,2
DA:30,1
DA:31,2
DA:37,1
DA:38,2
DA:40,1
DA:46,1
DA:50,1
DA:51,2
DA:57,3
DA:59,1
DA:60,2
DA:63,2
DA:64,0
DA:71,2
DA:74,2
DA:75,3
DA:76,3
DA:77,1
DA:79,1
DA:80,2
DA:86,3
DA:88,1
DA:93,1
DA:97,1
DA:98,2
DA:104,3
DA:106,1
DA:107,2
DA:110,1
DA:112,2
DA:113,1
DA:114,4
DA:115,2
DA:118,2
DA:119,1
DA:120,4
DA:121,2
DA:125,1
DA:126,2
DA:132,1
DA:133,2
DA:135,1
LF:51
LH:50
end_of_record
SF:lib/presentations/pages/browse/states/browse_event.dart
DA:6,2
DA:8,1
DA:9,1
DA:13,2
DA:15,1
DA:16,1
DA:20,2
DA:26,1
DA:27,2
DA:31,2
DA:37,1
DA:38,2
LF:12
LH:12
end_of_record
SF:lib/presentations/pages/browse/states/browse_state.dart
DA:8,2
DA:18,2
DA:23,2
DA:24,2
DA:25,0
DA:26,2
DA:30,2
DA:31,2
DA:32,2
DA:33,2
DA:34,2
LF:11
LH:10
end_of_record
SF:lib/presentations/pages/store/states/store_event.dart
DA:6,2
DA:8,1
DA:9,1
DA:13,1
DA:15,1
DA:16,1
DA:20,2
DA:26,1
DA:27,2
DA:31,2
DA:39,1
DA:40,3
DA:44,2
DA:50,1
DA:51,2
DA:55,2
DA:63,1
DA:64,3
DA:68,2
DA:74,1
DA:75,2
DA:79,2
DA:87,1
DA:88,3
DA:92,2
DA:98,1
DA:99,2
DA:103,2
DA:109,1
DA:110,2
DA:114,2
DA:120,1
DA:121,2
DA:125,2
DA:131,1
DA:132,2
LF:36
LH:36
end_of_record
SF:lib/data/repositories/store_repo.dart.dart
DA:17,0
DA:20,0
DA:22,0
DA:23,0
DA:26,0
DA:28,0
DA:31,0
DA:32,0
DA:33,0
DA:34,0
DA:35,0
DA:36,0
DA:37,0
DA:38,0
DA:39,0
DA:40,0
DA:41,0
DA:42,0
DA:44,0
DA:45,0
DA:47,0
DA:50,0
DA:52,0
DA:55,0
DA:56,0
DA:57,0
DA:58,0
DA:59,0
DA:60,0
DA:61,0
DA:62,0
DA:63,0
DA:64,0
DA:65,0
DA:66,0
DA:68,0
DA:69,0
DA:71,0
DA:73,0
DA:77,0
DA:79,0
DA:82,0
DA:83,0
DA:84,0
DA:85,0
DA:86,0
DA:87,0
DA:88,0
DA:89,0
DA:90,0
DA:91,0
DA:92,0
DA:93,0
DA:95,0
DA:96,0
DA:99,0
DA:101,0
DA:102,0
LF:58
LH:0
end_of_record
SF:lib/presentations/pages/store/states/store_bloc.dart
DA:13,1
DA:15,1
DA:16,2
DA:17,2
DA:18,2
DA:19,2
DA:20,2
DA:21,2
DA:22,2
DA:23,2
DA:24,2
DA:25,2
DA:30,1
DA:34,1
DA:35,2
DA:40,3
DA:42,1
DA:43,2
DA:50,3
DA:52,1
DA:57,1
DA:61,1
DA:62,2
DA:63,1
DA:64,1
DA:69,1
DA:73,1
DA:74,2
DA:79,3
DA:81,4
DA:82,1
DA:83,1
DA:84,2
DA:88,1
DA:93,1
DA:94,2
DA:96,1
DA:102,1
DA:106,1
DA:107,2
DA:108,1
DA:109,1
DA:114,1
DA:118,1
DA:119,2
DA:120,1
DA:125,1
DA:129,1
DA:130,2
DA:136,3
DA:138,2
DA:139,0
DA:140,0
DA:143,0
DA:145,1
DA:146,2
DA:149,1
DA:154,1
DA:155,2
DA:157,1
DA:163,1
DA:167,1
DA:168,2
DA:173,3
DA:175,3
DA:176,1
DA:177,1
DA:179,1
DA:180,2
DA:182,1
DA:187,1
DA:188,2
DA:190,1
DA:196,1
DA:200,1
DA:201,2
DA:202,2
DA:203,1
DA:204,2
DA:211,1
DA:215,2
DA:217,2
DA:218,0
DA:219,0
DA:225,2
DA:233,0
DA:234,0
DA:237,0
DA:238,0
DA:244,0
DA:245,0
DA:247,0
DA:253,3
DA:254,2
DA:259,1
DA:263,3
DA:264,4
DA:266,1
DA:267,2
DA:268,1
LF:100
LH:88
end_of_record
SF:lib/presentations/pages/store/states/store_state.dart
DA:11,3
DA:35,2
DA:47,2
DA:48,2
DA:49,2
DA:50,2
DA:51,2
DA:52,2
DA:53,1
DA:55,2
DA:56,2
DA:57,2
DA:61,2
DA:62,2
DA:63,2
DA:64,2
DA:65,2
DA:66,2
DA:67,2
DA:68,2
DA:69,2
DA:70,2
DA:71,2
DA:72,2
LF:24
LH:24
end_of_record
